\BOOKMARK [1][-]{section.0}{Prelude}{}% 1
\BOOKMARK [2][-]{subsection.0.1}{Prerequisite Notation}{section.0}% 2
\BOOKMARK [2][-]{subsection.0.2}{A Combinatorial Warmup}{section.0}% 3
\BOOKMARK [2][-]{subsection.0.3}{Review}{section.0}% 4
\BOOKMARK [1][-]{section.1}{Truth-Functional Logic}{}% 5
\BOOKMARK [2][-]{subsection.1.1}{Introduction to Truth-Functional Logic}{section.1}% 6
\BOOKMARK [2][-]{subsection.1.2}{Basic Syntax of Truth-Functional Logic}{section.1}% 7
\BOOKMARK [2][-]{subsection.1.3}{Basic Semantics of Truth-Functional Logic}{section.1}% 8
\BOOKMARK [2][-]{subsection.1.4}{Review}{section.1}% 9
\BOOKMARK [2][-]{subsection.1.5}{Expressive Completeness of Truth Functional Logic}{section.1}% 10
\BOOKMARK [2][-]{subsection.1.6}{The Power of a Truth-Functional Schema}{section.1}% 11
\BOOKMARK [2][-]{subsection.1.7}{Is There An Efficient Decision Procedure For Truth-Functional Logic?}{section.1}% 12
\BOOKMARK [2][-]{subsection.1.8}{Review}{section.1}% 13
\BOOKMARK [1][-]{section.2}{Monadic Quantification Theory}{}% 14
\BOOKMARK [2][-]{subsection.2.1}{Introduction to Monadic Quantification Theory}{section.2}% 15
\BOOKMARK [2][-]{subsection.2.2}{Syntax}{section.2}% 16
\BOOKMARK [2][-]{subsection.2.3}{Semantics}{section.2}% 17
\BOOKMARK [2][-]{subsection.2.4}{Counting Satisfying Structures}{section.2}% 18
\BOOKMARK [2][-]{subsection.2.5}{Decidability}{section.2}% 19
\BOOKMARK [2][-]{subsection.2.6}{Expressive Power}{section.2}% 20
\BOOKMARK [2][-]{subsection.2.7}{Review}{section.2}% 21
\BOOKMARK [1][-]{section.3}{Polyadic Quantification Theory}{}% 22
\BOOKMARK [2][-]{subsection.3.1}{Introduction to PQT}{section.3}% 23
\BOOKMARK [2][-]{subsection.3.2}{Binary Relations, Functions, and Graphs}{section.3}% 24
\BOOKMARK [2][-]{subsection.3.3}{Review}{section.3}% 25
\BOOKMARK [2][-]{subsection.3.4}{Equivalence Relations}{section.3}% 26
\BOOKMARK [2][-]{subsection.3.5}{Isomorphisms, Automorphisms, and the Orbit-Stabilizer Theorem}{section.3}% 27
\BOOKMARK [2][-]{subsection.3.6}{Definability}{section.3}% 28
\BOOKMARK [2][-]{subsection.3.7}{Undefinability}{section.3}% 29
\BOOKMARK [2][-]{subsection.3.8}{Proof}{section.3}% 30
\BOOKMARK [2][-]{subsection.3.9}{Review}{section.3}% 31
\BOOKMARK [1][-]{section.4}{Appendix: A Proof of the Compactness Theorem}{}% 32
