\BOOKMARK [1][-]{section.1}{Prelude}{}% 1
\BOOKMARK [2][-]{subsection.1.1}{Prerequisite Notation}{section.1}% 2
\BOOKMARK [2][-]{subsection.1.2}{A Combinatorial Warmup}{section.1}% 3
\BOOKMARK [2][-]{subsection.1.3}{Review}{section.1}% 4
\BOOKMARK [1][-]{section.2}{Truth-Functional Logic}{}% 5
\BOOKMARK [2][-]{subsection.2.1}{Introduction to Truth-Functional Logic}{section.2}% 6
\BOOKMARK [2][-]{subsection.2.2}{Basic Syntax of Truth-Functional Logic}{section.2}% 7
\BOOKMARK [2][-]{subsection.2.3}{Basic Semantics of Truth-Functional Logic}{section.2}% 8
\BOOKMARK [2][-]{subsection.2.4}{Review}{section.2}% 9
\BOOKMARK [2][-]{subsection.2.5}{Expressive Completeness of Truth Functional Logic}{section.2}% 10
\BOOKMARK [2][-]{subsection.2.6}{The Power of a Truth-Functional Schema}{section.2}% 11
\BOOKMARK [2][-]{subsection.2.7}{Is There An Efficient Decision Procedure For Truth-Functional Logic?}{section.2}% 12
\BOOKMARK [2][-]{subsection.2.8}{Review}{section.2}% 13
\BOOKMARK [1][-]{section.3}{Monadic Quantification Theory}{}% 14
\BOOKMARK [2][-]{subsection.3.1}{Introduction to Monadic Quantification Theory}{section.3}% 15
\BOOKMARK [2][-]{subsection.3.2}{Syntax}{section.3}% 16
\BOOKMARK [2][-]{subsection.3.3}{Semantics}{section.3}% 17
\BOOKMARK [2][-]{subsection.3.4}{Counting Satisfying Structures}{section.3}% 18
\BOOKMARK [2][-]{subsection.3.5}{Decidability}{section.3}% 19
\BOOKMARK [2][-]{subsection.3.6}{Expressive Power}{section.3}% 20
\BOOKMARK [2][-]{subsection.3.7}{Review}{section.3}% 21
